# JRE version: Java(TM) SE Runtime Environment (7.0_45-b18) (build 1.7.0_45-b18)
# Java VM: Java HotSpot(TM) 64-Bit Server VM (24.45-b08 mixed mode windows-amd64 compressed oops)
Heap
 PSYoungGen      total 650240K, used 1717K [0x00000007d6080000, 0x0000000800000000, 0x0000000800000000)
  eden space 612864K, 0% used [0x00000007d6080000,0x00000007d622d440,0x00000007fb700000)
  from space 37376K, 0% used [0x00000007fb700000,0x00000007fb700000,0x00000007fdb80000)
  to   space 37376K, 0% used [0x00000007fdb80000,0x00000007fdb80000,0x0000000800000000)
 ParOldGen       total 566272K, used 73273K [0x0000000782200000, 0x00000007a4b00000, 0x00000007d6080000)
  object space 566272K, 12% used [0x0000000782200000,0x000000078698e668,0x00000007a4b00000)
 PSPermGen       total 83968K, used 83967K [0x000000077d000000, 0x0000000782200000, 0x0000000782200000)
  object space 83968K, 99% used [0x000000077d000000,0x00000007821ffcf0,0x0000000782200000)
GC Heap History (10 events):
Event: 645.181 GC heap before
{Heap before GC invocations=23 (full 4):
 PSYoungGen      total 616448K, used 0K [0x00000007d6080000, 0x0000000800000000, 0x0000000800000000)
  eden space 615936K, 0% used [0x00000007d6080000,0x00000007d6080000,0x00000007fba00000)
  from space 512K, 0% used [0x00000007fba00000,0x00000007fba00000,0x00000007fba80000)
  to   space 36864K, 0% used [0x00000007fdc00000,0x00000007fdc00000,0x0000000800000000)
 ParOldGen       total 248832K, used 80539K [0x0000000782200000, 0x0000000791500000, 0x00000007d6080000)
  object space 248832K, 32% used [0x0000000782200000,0x00000007870a6cd8,0x0000000791500000)
 PSPermGen       total 83968K, used 83963K [0x000000077d000000, 0x0000000782200000, 0x0000000782200000)
  object space 83968K, 99% used [0x000000077d000000,0x00000007821fec10,0x0000000782200000)
Event: 646.087 GC heap after
Heap after GC invocations=23 (full 4):
 PSYoungGen      total 616448K, used 0K [0x00000007d6080000, 0x0000000800000000, 0x0000000800000000)
  eden space 615936K, 0% used [0x00000007d6080000,0x00000007d6080000,0x00000007fba00000)
  from space 512K, 0% used [0x00000007fba00000,0x00000007fba00000,0x00000007fba80000)
  to   space 36864K, 0% used [0x00000007fdc00000,0x00000007fdc00000,0x0000000800000000)
 ParOldGen       total 332800K, used 73306K [0x0000000782200000, 0x0000000796700000, 0x00000007d6080000)
  object space 332800K, 22% used [0x0000000782200000,0x0000000786996920,0x0000000796700000)
 PSPermGen       total 83968K, used 83133K [0x000000077d000000, 0x0000000782200000, 0x0000000782200000)
  object space 83968K, 99% used [0x000000077d000000,0x000000078212f480,0x0000000782200000)
}
Event: 646.136 GC heap before
{Heap before GC invocations=24 (full 4):
 PSYoungGen      total 616448K, used 5952K [0x00000007d6080000, 0x0000000800000000, 0x0000000800000000)
  eden space 615936K, 0% used [0x00000007d6080000,0x00000007d66503d8,0x00000007fba00000)
  from space 512K, 0% used [0x00000007fba00000,0x00000007fba00000,0x00000007fba80000)
  to   space 36864K, 0% used [0x00000007fdc00000,0x00000007fdc00000,0x0000000800000000)
 ParOldGen       total 332800K, used 73306K [0x0000000782200000, 0x0000000796700000, 0x00000007d6080000)
  object space 332800K, 22% used [0x0000000782200000,0x0000000786996920,0x0000000796700000)
 PSPermGen       total 83968K, used 83959K [0x000000077d000000, 0x0000000782200000, 0x0000000782200000)
  object space 83968K, 99% used [0x000000077d000000,0x00000007821fdc40,0x0000000782200000)
Event: 646.143 GC heap after
Heap after GC invocations=24 (full 4):
 PSYoungGen      total 649728K, used 128K [0x00000007d6080000, 0x0000000800000000, 0x0000000800000000)
  eden space 612864K, 0% used [0x00000007d6080000,0x00000007d6080000,0x00000007fb700000)
  from space 36864K, 0% used [0x00000007fdc00000,0x00000007fdc20000,0x0000000800000000)
  to   space 37376K, 0% used [0x00000007fb700000,0x00000007fb700000,0x00000007fdb80000)
 ParOldGen       total 332800K, used 73306K [0x0000000782200000, 0x0000000796700000, 0x00000007d6080000)
  object space 332800K, 22% used [0x0000000782200000,0x0000000786996920,0x0000000796700000)
 PSPermGen       total 83968K, used 83959K [0x000000077d000000, 0x0000000782200000, 0x0000000782200000)
  object space 83968K, 99% used [0x000000077d000000,0x00000007821fdc40,0x0000000782200000)
}
Event: 646.143 GC heap before
{Heap before GC invocations=25 (full 5):
 PSYoungGen      total 649728K, used 128K [0x00000007d6080000, 0x0000000800000000, 0x0000000800000000)
  eden space 612864K, 0% used [0x00000007d6080000,0x00000007d6080000,0x00000007fb700000)
  from space 36864K, 0% used [0x00000007fdc00000,0x00000007fdc20000,0x0000000800000000)
  to   space 37376K, 0% used [0x00000007fb700000,0x00000007fb700000,0x00000007fdb80000)
 ParOldGen       total 332800K, used 73306K [0x0000000782200000, 0x0000000796700000, 0x00000007d6080000)
  object space 332800K, 22% used [0x0000000782200000,0x0000000786996920,0x0000000796700000)
 PSPermGen       total 83968K, used 83959K [0x000000077d000000, 0x0000000782200000, 0x0000000782200000)
  object space 83968K, 99% used [0x000000077d000000,0x00000007821fdc40,0x0000000782200000)
Event: 646.656 GC heap after
Heap after GC invocations=25 (full 5):
 PSYoungGen      total 649728K, used 0K [0x00000007d6080000, 0x0000000800000000, 0x0000000800000000)
  eden space 612864K, 0% used [0x00000007d6080000,0x00000007d6080000,0x00000007fb700000)
  from space 36864K, 0% used [0x00000007fdc00000,0x00000007fdc00000,0x0000000800000000)
  to   space 37376K, 0% used [0x00000007fb700000,0x00000007fb700000,0x00000007fdb80000)
 ParOldGen       total 430592K, used 73275K [0x0000000782200000, 0x000000079c680000, 0x00000007d6080000)
  object space 430592K, 17% used [0x0000000782200000,0x000000078698ee60,0x000000079c680000)
 PSPermGen       total 83968K, used 83958K [0x000000077d000000, 0x0000000782200000, 0x0000000782200000)
  object space 83968K, 99% used [0x000000077d000000,0x00000007821fd980,0x0000000782200000)
}
Event: 646.656 GC heap before
{Heap before GC invocations=26 (full 5):
 PSYoungGen      total 649728K, used 0K [0x00000007d6080000, 0x0000000800000000, 0x0000000800000000)
  eden space 612864K, 0% used [0x00000007d6080000,0x00000007d6080000,0x00000007fb700000)
  from space 36864K, 0% used [0x00000007fdc00000,0x00000007fdc00000,0x0000000800000000)
  to   space 37376K, 0% used [0x00000007fb700000,0x00000007fb700000,0x00000007fdb80000)
 ParOldGen       total 430592K, used 73275K [0x0000000782200000, 0x000000079c680000, 0x00000007d6080000)
  object space 430592K, 17% used [0x0000000782200000,0x000000078698ee60,0x000000079c680000)
 PSPermGen       total 83968K, used 83958K [0x000000077d000000, 0x0000000782200000, 0x0000000782200000)
  object space 83968K, 99% used [0x000000077d000000,0x00000007821fd980,0x0000000782200000)
Event: 646.660 GC heap after
Heap after GC invocations=26 (full 5):
 PSYoungGen      total 650240K, used 0K [0x00000007d6080000, 0x0000000800000000, 0x0000000800000000)
  eden space 612864K, 0% used [0x00000007d6080000,0x00000007d6080000,0x00000007fb700000)
  from space 37376K, 0% used [0x00000007fb700000,0x00000007fb700000,0x00000007fdb80000)
  to   space 37376K, 0% used [0x00000007fdb80000,0x00000007fdb80000,0x0000000800000000)
 ParOldGen       total 430592K, used 73275K [0x0000000782200000, 0x000000079c680000, 0x00000007d6080000)
  object space 430592K, 17% used [0x0000000782200000,0x000000078698ee60,0x000000079c680000)
 PSPermGen       total 83968K, used 83958K [0x000000077d000000, 0x0000000782200000, 0x0000000782200000)
  object space 83968K, 99% used [0x000000077d000000,0x00000007821fd980,0x0000000782200000)
}
Event: 646.660 GC heap before
{Heap before GC invocations=27 (full 6):
 PSYoungGen      total 650240K, used 0K [0x00000007d6080000, 0x0000000800000000, 0x0000000800000000)
  eden space 612864K, 0% used [0x00000007d6080000,0x00000007d6080000,0x00000007fb700000)
  from space 37376K, 0% used [0x00000007fb700000,0x00000007fb700000,0x00000007fdb80000)
  to   space 37376K, 0% used [0x00000007fdb80000,0x00000007fdb80000,0x0000000800000000)
 ParOldGen       total 430592K, used 73275K [0x0000000782200000, 0x000000079c680000, 0x00000007d6080000)
  object space 430592K, 17% used [0x0000000782200000,0x000000078698ee60,0x000000079c680000)
 PSPermGen       total 83968K, used 83958K [0x000000077d000000, 0x0000000782200000, 0x0000000782200000)
  object space 83968K, 99% used [0x000000077d000000,0x00000007821fd980,0x0000000782200000)
Event: 647.123 GC heap after
Heap after GC invocations=27 (full 6):
 PSYoungGen      total 650240K, used 0K [0x00000007d6080000, 0x0000000800000000, 0x0000000800000000)
  eden space 612864K, 0% used [0x00000007d6080000,0x00000007d6080000,0x00000007fb700000)
  from space 37376K, 0% used [0x00000007fb700000,0x00000007fb700000,0x00000007fdb80000)
  to   space 37376K, 0% used [0x00000007fdb80000,0x00000007fdb80000,0x0000000800000000)
 ParOldGen       total 566272K, used 73273K [0x0000000782200000, 0x00000007a4b00000, 0x00000007d6080000)
  object space 566272K, 12% used [0x0000000782200000,0x000000078698e668,0x00000007a4b00000)
 PSPermGen       total 83968K, used 83958K [0x000000077d000000, 0x0000000782200000, 0x0000000782200000)
  object space 83968K, 99% used [0x000000077d000000,0x00000007821fd980,0x0000000782200000)
}

