# JRE version: Java(TM) SE Runtime Environment (7.0_79-b15) (build 1.7.0_79-b15)
# Java VM: Java HotSpot(TM) 64-Bit Server VM (24.79-b02 mixed mode windows-amd64 compressed oops)
Heap
 PSYoungGen      total 29184K, used 59K [0x00000000eb400000, 0x00000000ed280000, 0x0000000100000000)
  eden space 27648K, 0% used [0x00000000eb400000,0x00000000eb40ec90,0x00000000ecf00000)
  from space 1536K, 0% used [0x00000000ecf00000,0x00000000ecf00000,0x00000000ed080000)
  to   space 1536K, 0% used [0x00000000ed100000,0x00000000ed100000,0x00000000ed280000)
 ParOldGen       total 325120K, used 67136K [0x00000000c1c00000, 0x00000000d5980000, 0x00000000eb400000)
  object space 325120K, 20% used [0x00000000c1c00000,0x00000000c5d90390,0x00000000d5980000)
 PSPermGen       total 83968K, used 83966K [0x00000000bca00000, 0x00000000c1c00000, 0x00000000c1c00000)
  object space 83968K, 99% used [0x00000000bca00000,0x00000000c1bff888,0x00000000c1c00000)
GC Heap History (10 events):
Event: 16758.983 GC heap before
{Heap before GC invocations=152 (full 5):
 PSYoungGen      total 28672K, used 0K [0x00000000eb400000, 0x00000000ed200000, 0x0000000100000000)
  eden space 27136K, 0% used [0x00000000eb400000,0x00000000eb400000,0x00000000ece80000)
  from space 1536K, 0% used [0x00000000ece80000,0x00000000ece80000,0x00000000ed000000)
  to   space 1536K, 0% used [0x00000000ed080000,0x00000000ed080000,0x00000000ed200000)
 ParOldGen       total 169472K, used 67473K [0x00000000c1c00000, 0x00000000cc180000, 0x00000000eb400000)
  object space 169472K, 39% used [0x00000000c1c00000,0x00000000c5de4758,0x00000000cc180000)
 PSPermGen       total 83968K, used 83962K [0x00000000bca00000, 0x00000000c1c00000, 0x00000000c1c00000)
  object space 83968K, 99% used [0x00000000bca00000,0x00000000c1bfe968,0x00000000c1c00000)
Event: 16759.486 GC heap after
Heap after GC invocations=152 (full 5):
 PSYoungGen      total 28672K, used 0K [0x00000000eb400000, 0x00000000ed200000, 0x0000000100000000)
  eden space 27136K, 0% used [0x00000000eb400000,0x00000000eb400000,0x00000000ece80000)
  from space 1536K, 0% used [0x00000000ece80000,0x00000000ece80000,0x00000000ed000000)
  to   space 1536K, 0% used [0x00000000ed080000,0x00000000ed080000,0x00000000ed200000)
 ParOldGen       total 209408K, used 67173K [0x00000000c1c00000, 0x00000000ce880000, 0x00000000eb400000)
  object space 209408K, 32% used [0x00000000c1c00000,0x00000000c5d995a8,0x00000000ce880000)
 PSPermGen       total 83968K, used 83668K [0x00000000bca00000, 0x00000000c1c00000, 0x00000000c1c00000)
  object space 83968K, 99% used [0x00000000bca00000,0x00000000c1bb5218,0x00000000c1c00000)
}
Event: 16759.487 GC heap before
{Heap before GC invocations=153 (full 5):
 PSYoungGen      total 28672K, used 17K [0x00000000eb400000, 0x00000000ed200000, 0x0000000100000000)
  eden space 27136K, 0% used [0x00000000eb400000,0x00000000eb4045a8,0x00000000ece80000)
  from space 1536K, 0% used [0x00000000ece80000,0x00000000ece80000,0x00000000ed000000)
  to   space 1536K, 0% used [0x00000000ed080000,0x00000000ed080000,0x00000000ed200000)
 ParOldGen       total 209408K, used 67173K [0x00000000c1c00000, 0x00000000ce880000, 0x00000000eb400000)
  object space 209408K, 32% used [0x00000000c1c00000,0x00000000c5d995a8,0x00000000ce880000)
 PSPermGen       total 83968K, used 83966K [0x00000000bca00000, 0x00000000c1c00000, 0x00000000c1c00000)
  object space 83968K, 99% used [0x00000000bca00000,0x00000000c1bff868,0x00000000c1c00000)
Event: 16759.491 GC heap after
Heap after GC invocations=153 (full 5):
 PSYoungGen      total 29184K, used 128K [0x00000000eb400000, 0x00000000ed200000, 0x0000000100000000)
  eden space 27648K, 0% used [0x00000000eb400000,0x00000000eb400000,0x00000000ecf00000)
  from space 1536K, 8% used [0x00000000ed080000,0x00000000ed0a0000,0x00000000ed200000)
  to   space 1536K, 0% used [0x00000000ecf00000,0x00000000ecf00000,0x00000000ed080000)
 ParOldGen       total 209408K, used 67173K [0x00000000c1c00000, 0x00000000ce880000, 0x00000000eb400000)
  object space 209408K, 32% used [0x00000000c1c00000,0x00000000c5d995a8,0x00000000ce880000)
 PSPermGen       total 83968K, used 83966K [0x00000000bca00000, 0x00000000c1c00000, 0x00000000c1c00000)
  object space 83968K, 99% used [0x00000000bca00000,0x00000000c1bff868,0x00000000c1c00000)
}
Event: 16759.491 GC heap before
{Heap before GC invocations=154 (full 6):
 PSYoungGen      total 29184K, used 128K [0x00000000eb400000, 0x00000000ed200000, 0x0000000100000000)
  eden space 27648K, 0% used [0x00000000eb400000,0x00000000eb400000,0x00000000ecf00000)
  from space 1536K, 8% used [0x00000000ed080000,0x00000000ed0a0000,0x00000000ed200000)
  to   space 1536K, 0% used [0x00000000ecf00000,0x00000000ecf00000,0x00000000ed080000)
 ParOldGen       total 209408K, used 67173K [0x00000000c1c00000, 0x00000000ce880000, 0x00000000eb400000)
  object space 209408K, 32% used [0x00000000c1c00000,0x00000000c5d995a8,0x00000000ce880000)
 PSPermGen       total 83968K, used 83966K [0x00000000bca00000, 0x00000000c1c00000, 0x00000000c1c00000)
  object space 83968K, 99% used [0x00000000bca00000,0x00000000c1bff868,0x00000000c1c00000)
Event: 16759.775 GC heap after
Heap after GC invocations=154 (full 6):
 PSYoungGen      total 29184K, used 0K [0x00000000eb400000, 0x00000000ed200000, 0x0000000100000000)
  eden space 27648K, 0% used [0x00000000eb400000,0x00000000eb400000,0x00000000ecf00000)
  from space 1536K, 0% used [0x00000000ed080000,0x00000000ed080000,0x00000000ed200000)
  to   space 1536K, 0% used [0x00000000ecf00000,0x00000000ecf00000,0x00000000ed080000)
 ParOldGen       total 265728K, used 67137K [0x00000000c1c00000, 0x00000000d1f80000, 0x00000000eb400000)
  object space 265728K, 25% used [0x00000000c1c00000,0x00000000c5d907f0,0x00000000d1f80000)
 PSPermGen       total 83968K, used 83966K [0x00000000bca00000, 0x00000000c1c00000, 0x00000000c1c00000)
  object space 83968K, 99% used [0x00000000bca00000,0x00000000c1bff868,0x00000000c1c00000)
}
Event: 16759.775 GC heap before
{Heap before GC invocations=155 (full 6):
 PSYoungGen      total 29184K, used 0K [0x00000000eb400000, 0x00000000ed200000, 0x0000000100000000)
  eden space 27648K, 0% used [0x00000000eb400000,0x00000000eb400000,0x00000000ecf00000)
  from space 1536K, 0% used [0x00000000ed080000,0x00000000ed080000,0x00000000ed200000)
  to   space 1536K, 0% used [0x00000000ecf00000,0x00000000ecf00000,0x00000000ed080000)
 ParOldGen       total 265728K, used 67137K [0x00000000c1c00000, 0x00000000d1f80000, 0x00000000eb400000)
  object space 265728K, 25% used [0x00000000c1c00000,0x00000000c5d907f0,0x00000000d1f80000)
 PSPermGen       total 83968K, used 83966K [0x00000000bca00000, 0x00000000c1c00000, 0x00000000c1c00000)
  object space 83968K, 99% used [0x00000000bca00000,0x00000000c1bff868,0x00000000c1c00000)
Event: 16759.778 GC heap after
Heap after GC invocations=155 (full 6):
 PSYoungGen      total 29184K, used 0K [0x00000000eb400000, 0x00000000ed280000, 0x0000000100000000)
  eden space 27648K, 0% used [0x00000000eb400000,0x00000000eb400000,0x00000000ecf00000)
  from space 1536K, 0% used [0x00000000ecf00000,0x00000000ecf00000,0x00000000ed080000)
  to   space 1536K, 0% used [0x00000000ed100000,0x00000000ed100000,0x00000000ed280000)
 ParOldGen       total 265728K, used 67137K [0x00000000c1c00000, 0x00000000d1f80000, 0x00000000eb400000)
  object space 265728K, 25% used [0x00000000c1c00000,0x00000000c5d907f0,0x00000000d1f80000)
 PSPermGen       total 83968K, used 83966K [0x00000000bca00000, 0x00000000c1c00000, 0x00000000c1c00000)
  object space 83968K, 99% used [0x00000000bca00000,0x00000000c1bff868,0x00000000c1c00000)
}
Event: 16759.778 GC heap before
{Heap before GC invocations=156 (full 7):
 PSYoungGen      total 29184K, used 0K [0x00000000eb400000, 0x00000000ed280000, 0x0000000100000000)
  eden space 27648K, 0% used [0x00000000eb400000,0x00000000eb400000,0x00000000ecf00000)
  from space 1536K, 0% used [0x00000000ecf00000,0x00000000ecf00000,0x00000000ed080000)
  to   space 1536K, 0% used [0x00000000ed100000,0x00000000ed100000,0x00000000ed280000)
 ParOldGen       total 265728K, used 67137K [0x00000000c1c00000, 0x00000000d1f80000, 0x00000000eb400000)
  object space 265728K, 25% used [0x00000000c1c00000,0x00000000c5d907f0,0x00000000d1f80000)
 PSPermGen       total 83968K, used 83966K [0x00000000bca00000, 0x00000000c1c00000, 0x00000000c1c00000)
  object space 83968K, 99% used [0x00000000bca00000,0x00000000c1bff868,0x00000000c1c00000)
Event: 16760.025 GC heap after
Heap after GC invocations=156 (full 7):
 PSYoungGen      total 29184K, used 0K [0x00000000eb400000, 0x00000000ed280000, 0x0000000100000000)
  eden space 27648K, 0% used [0x00000000eb400000,0x00000000eb400000,0x00000000ecf00000)
  from space 1536K, 0% used [0x00000000ecf00000,0x00000000ecf00000,0x00000000ed080000)
  to   space 1536K, 0% used [0x00000000ed100000,0x00000000ed100000,0x00000000ed280000)
 ParOldGen       total 325120K, used 67136K [0x00000000c1c00000, 0x00000000d5980000, 0x00000000eb400000)
  object space 325120K, 20% used [0x00000000c1c00000,0x00000000c5d90390,0x00000000d5980000)
 PSPermGen       total 83968K, used 83966K [0x00000000bca00000, 0x00000000c1c00000, 0x00000000c1c00000)
  object space 83968K, 99% used [0x00000000bca00000,0x00000000c1bff868,0x00000000c1c00000)
}

