# JRE version: Java(TM) SE Runtime Environment (7.0_79-b15) (build 1.7.0_79-b15)
# Java VM: Java HotSpot(TM) 64-Bit Server VM (24.79-b02 mixed mode windows-amd64 compressed oops)
Heap
 PSYoungGen      total 39936K, used 8K [0x00000000eb400000, 0x00000000ede00000, 0x0000000100000000)
  eden space 37376K, 0% used [0x00000000eb400000,0x00000000eb4020c8,0x00000000ed880000)
  from space 2560K, 0% used [0x00000000ed880000,0x00000000ed880000,0x00000000edb00000)
  to   space 2560K, 0% used [0x00000000edb80000,0x00000000edb80000,0x00000000ede00000)
 ParOldGen       total 298496K, used 68636K [0x00000000c1c00000, 0x00000000d3f80000, 0x00000000eb400000)
  object space 298496K, 22% used [0x00000000c1c00000,0x00000000c5f072d0,0x00000000d3f80000)
 PSPermGen       total 83968K, used 83965K [0x00000000bca00000, 0x00000000c1c00000, 0x00000000c1c00000)
  object space 83968K, 99% used [0x00000000bca00000,0x00000000c1bff648,0x00000000c1c00000)
GC Heap History (10 events):
Event: 11356.661 GC heap before
{Heap before GC invocations=116 (full 5):
 PSYoungGen      total 39424K, used 0K [0x00000000eb400000, 0x00000000edd80000, 0x0000000100000000)
  eden space 36864K, 0% used [0x00000000eb400000,0x00000000eb400000,0x00000000ed800000)
  from space 2560K, 0% used [0x00000000ed800000,0x00000000ed800000,0x00000000eda80000)
  to   space 2560K, 0% used [0x00000000edb00000,0x00000000edb00000,0x00000000edd80000)
 ParOldGen       total 160256K, used 68984K [0x00000000c1c00000, 0x00000000cb880000, 0x00000000eb400000)
  object space 160256K, 43% used [0x00000000c1c00000,0x00000000c5f5e050,0x00000000cb880000)
 PSPermGen       total 83968K, used 83967K [0x00000000bca00000, 0x00000000c1c00000, 0x00000000c1c00000)
  object space 83968K, 99% used [0x00000000bca00000,0x00000000c1bfffc8,0x00000000c1c00000)
Event: 11357.329 GC heap after
Heap after GC invocations=116 (full 5):
 PSYoungGen      total 39424K, used 0K [0x00000000eb400000, 0x00000000edd80000, 0x0000000100000000)
  eden space 36864K, 0% used [0x00000000eb400000,0x00000000eb400000,0x00000000ed800000)
  from space 2560K, 0% used [0x00000000ed800000,0x00000000ed800000,0x00000000eda80000)
  to   space 2560K, 0% used [0x00000000edb00000,0x00000000edb00000,0x00000000edd80000)
 ParOldGen       total 195584K, used 68636K [0x00000000c1c00000, 0x00000000cdb00000, 0x00000000eb400000)
  object space 195584K, 35% used [0x00000000c1c00000,0x00000000c5f07318,0x00000000cdb00000)
 PSPermGen       total 83968K, used 83690K [0x00000000bca00000, 0x00000000c1c00000, 0x00000000c1c00000)
  object space 83968K, 99% used [0x00000000bca00000,0x00000000c1bba910,0x00000000c1c00000)
}
Event: 11357.337 GC heap before
{Heap before GC invocations=117 (full 5):
 PSYoungGen      total 39424K, used 170K [0x00000000eb400000, 0x00000000edd80000, 0x0000000100000000)
  eden space 36864K, 0% used [0x00000000eb400000,0x00000000eb42aa80,0x00000000ed800000)
  from space 2560K, 0% used [0x00000000ed800000,0x00000000ed800000,0x00000000eda80000)
  to   space 2560K, 0% used [0x00000000edb00000,0x00000000edb00000,0x00000000edd80000)
 ParOldGen       total 195584K, used 68636K [0x00000000c1c00000, 0x00000000cdb00000, 0x00000000eb400000)
  object space 195584K, 35% used [0x00000000c1c00000,0x00000000c5f07318,0x00000000cdb00000)
 PSPermGen       total 83968K, used 83965K [0x00000000bca00000, 0x00000000c1c00000, 0x00000000c1c00000)
  object space 83968K, 99% used [0x00000000bca00000,0x00000000c1bff648,0x00000000c1c00000)
Event: 11357.340 GC heap after
Heap after GC invocations=117 (full 5):
 PSYoungGen      total 39936K, used 64K [0x00000000eb400000, 0x00000000edd80000, 0x0000000100000000)
  eden space 37376K, 0% used [0x00000000eb400000,0x00000000eb400000,0x00000000ed880000)
  from space 2560K, 2% used [0x00000000edb00000,0x00000000edb10000,0x00000000edd80000)
  to   space 2560K, 0% used [0x00000000ed880000,0x00000000ed880000,0x00000000edb00000)
 ParOldGen       total 195584K, used 68636K [0x00000000c1c00000, 0x00000000cdb00000, 0x00000000eb400000)
  object space 195584K, 35% used [0x00000000c1c00000,0x00000000c5f07318,0x00000000cdb00000)
 PSPermGen       total 83968K, used 83965K [0x00000000bca00000, 0x00000000c1c00000, 0x00000000c1c00000)
  object space 83968K, 99% used [0x00000000bca00000,0x00000000c1bff648,0x00000000c1c00000)
}
Event: 11357.340 GC heap before
{Heap before GC invocations=118 (full 6):
 PSYoungGen      total 39936K, used 64K [0x00000000eb400000, 0x00000000edd80000, 0x0000000100000000)
  eden space 37376K, 0% used [0x00000000eb400000,0x00000000eb400000,0x00000000ed880000)
  from space 2560K, 2% used [0x00000000edb00000,0x00000000edb10000,0x00000000edd80000)
  to   space 2560K, 0% used [0x00000000ed880000,0x00000000ed880000,0x00000000edb00000)
 ParOldGen       total 195584K, used 68636K [0x00000000c1c00000, 0x00000000cdb00000, 0x00000000eb400000)
  object space 195584K, 35% used [0x00000000c1c00000,0x00000000c5f07318,0x00000000cdb00000)
 PSPermGen       total 83968K, used 83965K [0x00000000bca00000, 0x00000000c1c00000, 0x00000000c1c00000)
  object space 83968K, 99% used [0x00000000bca00000,0x00000000c1bff648,0x00000000c1c00000)
Event: 11357.588 GC heap after
Heap after GC invocations=118 (full 6):
 PSYoungGen      total 39936K, used 0K [0x00000000eb400000, 0x00000000edd80000, 0x0000000100000000)
  eden space 37376K, 0% used [0x00000000eb400000,0x00000000eb400000,0x00000000ed880000)
  from space 2560K, 0% used [0x00000000edb00000,0x00000000edb00000,0x00000000edd80000)
  to   space 2560K, 0% used [0x00000000ed880000,0x00000000ed880000,0x00000000edb00000)
 ParOldGen       total 245760K, used 68636K [0x00000000c1c00000, 0x00000000d0c00000, 0x00000000eb400000)
  object space 245760K, 27% used [0x00000000c1c00000,0x00000000c5f072d0,0x00000000d0c00000)
 PSPermGen       total 83968K, used 83965K [0x00000000bca00000, 0x00000000c1c00000, 0x00000000c1c00000)
  object space 83968K, 99% used [0x00000000bca00000,0x00000000c1bff648,0x00000000c1c00000)
}
Event: 11357.588 GC heap before
{Heap before GC invocations=119 (full 6):
 PSYoungGen      total 39936K, used 0K [0x00000000eb400000, 0x00000000edd80000, 0x0000000100000000)
  eden space 37376K, 0% used [0x00000000eb400000,0x00000000eb400000,0x00000000ed880000)
  from space 2560K, 0% used [0x00000000edb00000,0x00000000edb00000,0x00000000edd80000)
  to   space 2560K, 0% used [0x00000000ed880000,0x00000000ed880000,0x00000000edb00000)
 ParOldGen       total 245760K, used 68636K [0x00000000c1c00000, 0x00000000d0c00000, 0x00000000eb400000)
  object space 245760K, 27% used [0x00000000c1c00000,0x00000000c5f072d0,0x00000000d0c00000)
 PSPermGen       total 83968K, used 83965K [0x00000000bca00000, 0x00000000c1c00000, 0x00000000c1c00000)
  object space 83968K, 99% used [0x00000000bca00000,0x00000000c1bff648,0x00000000c1c00000)
Event: 11357.592 GC heap after
Heap after GC invocations=119 (full 6):
 PSYoungGen      total 39936K, used 0K [0x00000000eb400000, 0x00000000ede00000, 0x0000000100000000)
  eden space 37376K, 0% used [0x00000000eb400000,0x00000000eb400000,0x00000000ed880000)
  from space 2560K, 0% used [0x00000000ed880000,0x00000000ed880000,0x00000000edb00000)
  to   space 2560K, 0% used [0x00000000edb80000,0x00000000edb80000,0x00000000ede00000)
 ParOldGen       total 245760K, used 68636K [0x00000000c1c00000, 0x00000000d0c00000, 0x00000000eb400000)
  object space 245760K, 27% used [0x00000000c1c00000,0x00000000c5f072d0,0x00000000d0c00000)
 PSPermGen       total 83968K, used 83965K [0x00000000bca00000, 0x00000000c1c00000, 0x00000000c1c00000)
  object space 83968K, 99% used [0x00000000bca00000,0x00000000c1bff648,0x00000000c1c00000)
}
Event: 11357.592 GC heap before
{Heap before GC invocations=120 (full 7):
 PSYoungGen      total 39936K, used 0K [0x00000000eb400000, 0x00000000ede00000, 0x0000000100000000)
  eden space 37376K, 0% used [0x00000000eb400000,0x00000000eb400000,0x00000000ed880000)
  from space 2560K, 0% used [0x00000000ed880000,0x00000000ed880000,0x00000000edb00000)
  to   space 2560K, 0% used [0x00000000edb80000,0x00000000edb80000,0x00000000ede00000)
 ParOldGen       total 245760K, used 68636K [0x00000000c1c00000, 0x00000000d0c00000, 0x00000000eb400000)
  object space 245760K, 27% used [0x00000000c1c00000,0x00000000c5f072d0,0x00000000d0c00000)
 PSPermGen       total 83968K, used 83965K [0x00000000bca00000, 0x00000000c1c00000, 0x00000000c1c00000)
  object space 83968K, 99% used [0x00000000bca00000,0x00000000c1bff648,0x00000000c1c00000)
Event: 11357.897 GC heap after
Heap after GC invocations=120 (full 7):
 PSYoungGen      total 39936K, used 0K [0x00000000eb400000, 0x00000000ede00000, 0x0000000100000000)
  eden space 37376K, 0% used [0x00000000eb400000,0x00000000eb400000,0x00000000ed880000)
  from space 2560K, 0% used [0x00000000ed880000,0x00000000ed880000,0x00000000edb00000)
  to   space 2560K, 0% used [0x00000000edb80000,0x00000000edb80000,0x00000000ede00000)
 ParOldGen       total 298496K, used 68636K [0x00000000c1c00000, 0x00000000d3f80000, 0x00000000eb400000)
  object space 298496K, 22% used [0x00000000c1c00000,0x00000000c5f072d0,0x00000000d3f80000)
 PSPermGen       total 83968K, used 83965K [0x00000000bca00000, 0x00000000c1c00000, 0x00000000c1c00000)
  object space 83968K, 99% used [0x00000000bca00000,0x00000000c1bff648,0x00000000c1c00000)
}

