# JRE version: Java(TM) SE Runtime Environment (7.0_79-b15) (build 1.7.0_79-b15)
# Java VM: Java HotSpot(TM) 64-Bit Server VM (24.79-b02 mixed mode windows-amd64 compressed oops)
Heap
 PSYoungGen      total 42496K, used 6K [0x00000000eb400000, 0x00000000ee080000, 0x0000000100000000)
  eden space 39424K, 0% used [0x00000000eb400000,0x00000000eb401898,0x00000000eda80000)
  from space 3072K, 0% used [0x00000000edd80000,0x00000000edd80000,0x00000000ee080000)
  to   space 3072K, 0% used [0x00000000eda80000,0x00000000eda80000,0x00000000edd80000)
 ParOldGen       total 272896K, used 67834K [0x00000000c1c00000, 0x00000000d2680000, 0x00000000eb400000)
  object space 272896K, 24% used [0x00000000c1c00000,0x00000000c5e3e970,0x00000000d2680000)
 PSPermGen       total 83968K, used 83963K [0x00000000bca00000, 0x00000000c1c00000, 0x00000000c1c00000)
  object space 83968K, 99% used [0x00000000bca00000,0x00000000c1bfefc0,0x00000000c1c00000)
GC Heap History (10 events):
Event: 17876.141 GC heap before
{Heap before GC invocations=95 (full 5):
 PSYoungGen      total 41984K, used 0K [0x00000000eb400000, 0x00000000ee000000, 0x0000000100000000)
  eden space 38912K, 0% used [0x00000000eb400000,0x00000000eb400000,0x00000000eda00000)
  from space 3072K, 0% used [0x00000000edd00000,0x00000000edd00000,0x00000000ee000000)
  to   space 3072K, 0% used [0x00000000eda00000,0x00000000eda00000,0x00000000edd00000)
 ParOldGen       total 148480K, used 68178K [0x00000000c1c00000, 0x00000000cad00000, 0x00000000eb400000)
  object space 148480K, 45% used [0x00000000c1c00000,0x00000000c5e94ac8,0x00000000cad00000)
 PSPermGen       total 83968K, used 83967K [0x00000000bca00000, 0x00000000c1c00000, 0x00000000c1c00000)
  object space 83968K, 99% used [0x00000000bca00000,0x00000000c1bffc88,0x00000000c1c00000)
Event: 17876.681 GC heap after
Heap after GC invocations=95 (full 5):
 PSYoungGen      total 41984K, used 0K [0x00000000eb400000, 0x00000000ee000000, 0x0000000100000000)
  eden space 38912K, 0% used [0x00000000eb400000,0x00000000eb400000,0x00000000eda00000)
  from space 3072K, 0% used [0x00000000edd00000,0x00000000edd00000,0x00000000ee000000)
  to   space 3072K, 0% used [0x00000000eda00000,0x00000000eda00000,0x00000000edd00000)
 ParOldGen       total 180736K, used 67834K [0x00000000c1c00000, 0x00000000ccc80000, 0x00000000eb400000)
  object space 180736K, 37% used [0x00000000c1c00000,0x00000000c5e3e9b8,0x00000000ccc80000)
 PSPermGen       total 83968K, used 83627K [0x00000000bca00000, 0x00000000c1c00000, 0x00000000c1c00000)
  object space 83968K, 99% used [0x00000000bca00000,0x00000000c1baac10,0x00000000c1c00000)
}
Event: 17876.690 GC heap before
{Heap before GC invocations=96 (full 5):
 PSYoungGen      total 41984K, used 118K [0x00000000eb400000, 0x00000000ee000000, 0x0000000100000000)
  eden space 38912K, 0% used [0x00000000eb400000,0x00000000eb41db30,0x00000000eda00000)
  from space 3072K, 0% used [0x00000000edd00000,0x00000000edd00000,0x00000000ee000000)
  to   space 3072K, 0% used [0x00000000eda00000,0x00000000eda00000,0x00000000edd00000)
 ParOldGen       total 180736K, used 67834K [0x00000000c1c00000, 0x00000000ccc80000, 0x00000000eb400000)
  object space 180736K, 37% used [0x00000000c1c00000,0x00000000c5e3e9b8,0x00000000ccc80000)
 PSPermGen       total 83968K, used 83963K [0x00000000bca00000, 0x00000000c1c00000, 0x00000000c1c00000)
  object space 83968K, 99% used [0x00000000bca00000,0x00000000c1bfefc0,0x00000000c1c00000)
Event: 17876.694 GC heap after
Heap after GC invocations=96 (full 5):
 PSYoungGen      total 41984K, used 64K [0x00000000eb400000, 0x00000000ee080000, 0x0000000100000000)
  eden space 38912K, 0% used [0x00000000eb400000,0x00000000eb400000,0x00000000eda00000)
  from space 3072K, 2% used [0x00000000eda00000,0x00000000eda10000,0x00000000edd00000)
  to   space 3072K, 0% used [0x00000000edd80000,0x00000000edd80000,0x00000000ee080000)
 ParOldGen       total 180736K, used 67834K [0x00000000c1c00000, 0x00000000ccc80000, 0x00000000eb400000)
  object space 180736K, 37% used [0x00000000c1c00000,0x00000000c5e3e9b8,0x00000000ccc80000)
 PSPermGen       total 83968K, used 83963K [0x00000000bca00000, 0x00000000c1c00000, 0x00000000c1c00000)
  object space 83968K, 99% used [0x00000000bca00000,0x00000000c1bfefc0,0x00000000c1c00000)
}
Event: 17876.694 GC heap before
{Heap before GC invocations=97 (full 6):
 PSYoungGen      total 41984K, used 64K [0x00000000eb400000, 0x00000000ee080000, 0x0000000100000000)
  eden space 38912K, 0% used [0x00000000eb400000,0x00000000eb400000,0x00000000eda00000)
  from space 3072K, 2% used [0x00000000eda00000,0x00000000eda10000,0x00000000edd00000)
  to   space 3072K, 0% used [0x00000000edd80000,0x00000000edd80000,0x00000000ee080000)
 ParOldGen       total 180736K, used 67834K [0x00000000c1c00000, 0x00000000ccc80000, 0x00000000eb400000)
  object space 180736K, 37% used [0x00000000c1c00000,0x00000000c5e3e9b8,0x00000000ccc80000)
 PSPermGen       total 83968K, used 83963K [0x00000000bca00000, 0x00000000c1c00000, 0x00000000c1c00000)
  object space 83968K, 99% used [0x00000000bca00000,0x00000000c1bfefc0,0x00000000c1c00000)
Event: 17876.908 GC heap after
Heap after GC invocations=97 (full 6):
 PSYoungGen      total 41984K, used 0K [0x00000000eb400000, 0x00000000ee080000, 0x0000000100000000)
  eden space 38912K, 0% used [0x00000000eb400000,0x00000000eb400000,0x00000000eda00000)
  from space 3072K, 0% used [0x00000000eda00000,0x00000000eda00000,0x00000000edd00000)
  to   space 3072K, 0% used [0x00000000edd80000,0x00000000edd80000,0x00000000ee080000)
 ParOldGen       total 225792K, used 67834K [0x00000000c1c00000, 0x00000000cf880000, 0x00000000eb400000)
  object space 225792K, 30% used [0x00000000c1c00000,0x00000000c5e3e970,0x00000000cf880000)
 PSPermGen       total 83968K, used 83963K [0x00000000bca00000, 0x00000000c1c00000, 0x00000000c1c00000)
  object space 83968K, 99% used [0x00000000bca00000,0x00000000c1bfefc0,0x00000000c1c00000)
}
Event: 17876.908 GC heap before
{Heap before GC invocations=98 (full 6):
 PSYoungGen      total 41984K, used 0K [0x00000000eb400000, 0x00000000ee080000, 0x0000000100000000)
  eden space 38912K, 0% used [0x00000000eb400000,0x00000000eb400000,0x00000000eda00000)
  from space 3072K, 0% used [0x00000000eda00000,0x00000000eda00000,0x00000000edd00000)
  to   space 3072K, 0% used [0x00000000edd80000,0x00000000edd80000,0x00000000ee080000)
 ParOldGen       total 225792K, used 67834K [0x00000000c1c00000, 0x00000000cf880000, 0x00000000eb400000)
  object space 225792K, 30% used [0x00000000c1c00000,0x00000000c5e3e970,0x00000000cf880000)
 PSPermGen       total 83968K, used 83963K [0x00000000bca00000, 0x00000000c1c00000, 0x00000000c1c00000)
  object space 83968K, 99% used [0x00000000bca00000,0x00000000c1bfefc0,0x00000000c1c00000)
Event: 17876.911 GC heap after
Heap after GC invocations=98 (full 6):
 PSYoungGen      total 42496K, used 0K [0x00000000eb400000, 0x00000000ee080000, 0x0000000100000000)
  eden space 39424K, 0% used [0x00000000eb400000,0x00000000eb400000,0x00000000eda80000)
  from space 3072K, 0% used [0x00000000edd80000,0x00000000edd80000,0x00000000ee080000)
  to   space 3072K, 0% used [0x00000000eda80000,0x00000000eda80000,0x00000000edd80000)
 ParOldGen       total 225792K, used 67834K [0x00000000c1c00000, 0x00000000cf880000, 0x00000000eb400000)
  object space 225792K, 30% used [0x00000000c1c00000,0x00000000c5e3e970,0x00000000cf880000)
 PSPermGen       total 83968K, used 83963K [0x00000000bca00000, 0x00000000c1c00000, 0x00000000c1c00000)
  object space 83968K, 99% used [0x00000000bca00000,0x00000000c1bfefc0,0x00000000c1c00000)
}
Event: 17876.911 GC heap before
{Heap before GC invocations=99 (full 7):
 PSYoungGen      total 42496K, used 0K [0x00000000eb400000, 0x00000000ee080000, 0x0000000100000000)
  eden space 39424K, 0% used [0x00000000eb400000,0x00000000eb400000,0x00000000eda80000)
  from space 3072K, 0% used [0x00000000edd80000,0x00000000edd80000,0x00000000ee080000)
  to   space 3072K, 0% used [0x00000000eda80000,0x00000000eda80000,0x00000000edd80000)
 ParOldGen       total 225792K, used 67834K [0x00000000c1c00000, 0x00000000cf880000, 0x00000000eb400000)
  object space 225792K, 30% used [0x00000000c1c00000,0x00000000c5e3e970,0x00000000cf880000)
 PSPermGen       total 83968K, used 83963K [0x00000000bca00000, 0x00000000c1c00000, 0x00000000c1c00000)
  object space 83968K, 99% used [0x00000000bca00000,0x00000000c1bfefc0,0x00000000c1c00000)
Event: 17877.104 GC heap after
Heap after GC invocations=99 (full 7):
 PSYoungGen      total 42496K, used 0K [0x00000000eb400000, 0x00000000ee080000, 0x0000000100000000)
  eden space 39424K, 0% used [0x00000000eb400000,0x00000000eb400000,0x00000000eda80000)
  from space 3072K, 0% used [0x00000000edd80000,0x00000000edd80000,0x00000000ee080000)
  to   space 3072K, 0% used [0x00000000eda80000,0x00000000eda80000,0x00000000edd80000)
 ParOldGen       total 272896K, used 67834K [0x00000000c1c00000, 0x00000000d2680000, 0x00000000eb400000)
  object space 272896K, 24% used [0x00000000c1c00000,0x00000000c5e3e970,0x00000000d2680000)
 PSPermGen       total 83968K, used 83963K [0x00000000bca00000, 0x00000000c1c00000, 0x00000000c1c00000)
  object space 83968K, 99% used [0x00000000bca00000,0x00000000c1bfefc0,0x00000000c1c00000)
}

