# JRE version: Java(TM) SE Runtime Environment (7.0_76-b13) (build 1.7.0_76-b13)
# Java VM: Java HotSpot(TM) 64-Bit Server VM (24.76-b04 mixed mode windows-amd64 compressed oops)
Heap
 PSYoungGen      total 530432K, used 1742K [0x00000007d5c00000, 0x00000007f9100000, 0x0000000800000000)
  eden space 505856K, 0% used [0x00000007d5c00000,0x00000007d5db3b78,0x00000007f4a00000)
  from space 24576K, 0% used [0x00000007f6100000,0x00000007f6100000,0x00000007f7900000)
  to   space 24064K, 0% used [0x00000007f7980000,0x00000007f7980000,0x00000007f9100000)
 ParOldGen       total 261632K, used 72916K [0x0000000781400000, 0x0000000791380000, 0x00000007d5c00000)
  object space 261632K, 27% used [0x0000000781400000,0x0000000785b35070,0x0000000791380000)
 PSPermGen       total 83968K, used 83967K [0x000000077c200000, 0x0000000781400000, 0x0000000781400000)
  object space 83968K, 99% used [0x000000077c200000,0x00000007813ffe00,0x0000000781400000)
GC Heap History (10 events):
Event: 12341.017 GC heap before
{Heap before GC invocations=38 (full 13):
 PSYoungGen      total 525312K, used 0K [0x00000007d5c00000, 0x00000007fa980000, 0x0000000800000000)
  eden space 498688K, 0% used [0x00000007d5c00000,0x00000007d5c00000,0x00000007f4300000)
  from space 26624K, 0% used [0x00000007f7580000,0x00000007f7580000,0x00000007f8f80000)
  to   space 25600K, 0% used [0x00000007f9080000,0x00000007f9080000,0x00000007fa980000)
 ParOldGen       total 142336K, used 73470K [0x0000000781400000, 0x0000000789f00000, 0x00000007d5c00000)
  object space 142336K, 51% used [0x0000000781400000,0x0000000785bbf918,0x0000000789f00000)
 PSPermGen       total 83968K, used 83965K [0x000000077c200000, 0x0000000781400000, 0x0000000781400000)
  object space 83968K, 99% used [0x000000077c200000,0x00000007813ff730,0x0000000781400000)
Event: 12341.841 GC heap after
Heap after GC invocations=38 (full 13):
 PSYoungGen      total 525312K, used 0K [0x00000007d5c00000, 0x00000007fa980000, 0x0000000800000000)
  eden space 498688K, 0% used [0x00000007d5c00000,0x00000007d5c00000,0x00000007f4300000)
  from space 26624K, 0% used [0x00000007f7580000,0x00000007f7580000,0x00000007f8f80000)
  to   space 25600K, 0% used [0x00000007f9080000,0x00000007f9080000,0x00000007fa980000)
 ParOldGen       total 175104K, used 72964K [0x0000000781400000, 0x000000078bf00000, 0x00000007d5c00000)
  object space 175104K, 41% used [0x0000000781400000,0x0000000785b412c0,0x000000078bf00000)
 PSPermGen       total 83968K, used 83611K [0x000000077c200000, 0x0000000781400000, 0x0000000781400000)
  object space 83968K, 99% used [0x000000077c200000,0x00000007813a6d80,0x0000000781400000)
}
Event: 12341.843 GC heap before
{Heap before GC invocations=39 (full 13):
 PSYoungGen      total 525312K, used 1164K [0x00000007d5c00000, 0x00000007fa980000, 0x0000000800000000)
  eden space 498688K, 0% used [0x00000007d5c00000,0x00000007d5d23268,0x00000007f4300000)
  from space 26624K, 0% used [0x00000007f7580000,0x00000007f7580000,0x00000007f8f80000)
  to   space 25600K, 0% used [0x00000007f9080000,0x00000007f9080000,0x00000007fa980000)
 ParOldGen       total 175104K, used 72964K [0x0000000781400000, 0x000000078bf00000, 0x00000007d5c00000)
  object space 175104K, 41% used [0x0000000781400000,0x0000000785b412c0,0x000000078bf00000)
 PSPermGen       total 83968K, used 83967K [0x000000077c200000, 0x0000000781400000, 0x0000000781400000)
  object space 83968K, 99% used [0x000000077c200000,0x00000007813ffe00,0x0000000781400000)
Event: 12341.851 GC heap after
Heap after GC invocations=39 (full 13):
 PSYoungGen      total 502784K, used 128K [0x00000007d5c00000, 0x00000007f9100000, 0x0000000800000000)
  eden space 502272K, 0% used [0x00000007d5c00000,0x00000007d5c00000,0x00000007f4680000)
  from space 512K, 25% used [0x00000007f9080000,0x00000007f90a0000,0x00000007f9100000)
  to   space 24576K, 0% used [0x00000007f6100000,0x00000007f6100000,0x00000007f7900000)
 ParOldGen       total 175104K, used 72964K [0x0000000781400000, 0x000000078bf00000, 0x00000007d5c00000)
  object space 175104K, 41% used [0x0000000781400000,0x0000000785b412c0,0x000000078bf00000)
 PSPermGen       total 83968K, used 83967K [0x000000077c200000, 0x0000000781400000, 0x0000000781400000)
  object space 83968K, 99% used [0x000000077c200000,0x00000007813ffe00,0x0000000781400000)
}
Event: 12341.851 GC heap before
{Heap before GC invocations=40 (full 14):
 PSYoungGen      total 502784K, used 128K [0x00000007d5c00000, 0x00000007f9100000, 0x0000000800000000)
  eden space 502272K, 0% used [0x00000007d5c00000,0x00000007d5c00000,0x00000007f4680000)
  from space 512K, 25% used [0x00000007f9080000,0x00000007f90a0000,0x00000007f9100000)
  to   space 24576K, 0% used [0x00000007f6100000,0x00000007f6100000,0x00000007f7900000)
 ParOldGen       total 175104K, used 72964K [0x0000000781400000, 0x000000078bf00000, 0x00000007d5c00000)
  object space 175104K, 41% used [0x0000000781400000,0x0000000785b412c0,0x000000078bf00000)
 PSPermGen       total 83968K, used 83967K [0x000000077c200000, 0x0000000781400000, 0x0000000781400000)
  object space 83968K, 99% used [0x000000077c200000,0x00000007813ffe00,0x0000000781400000)
Event: 12342.075 GC heap after
Heap after GC invocations=40 (full 14):
 PSYoungGen      total 502784K, used 0K [0x00000007d5c00000, 0x00000007f9100000, 0x0000000800000000)
  eden space 502272K, 0% used [0x00000007d5c00000,0x00000007d5c00000,0x00000007f4680000)
  from space 512K, 0% used [0x00000007f9080000,0x00000007f9080000,0x00000007f9100000)
  to   space 24576K, 0% used [0x00000007f6100000,0x00000007f6100000,0x00000007f7900000)
 ParOldGen       total 211456K, used 72919K [0x0000000781400000, 0x000000078e280000, 0x00000007d5c00000)
  object space 211456K, 34% used [0x0000000781400000,0x0000000785b35e98,0x000000078e280000)
 PSPermGen       total 83968K, used 83967K [0x000000077c200000, 0x0000000781400000, 0x0000000781400000)
  object space 83968K, 99% used [0x000000077c200000,0x00000007813ffe00,0x0000000781400000)
}
Event: 12342.075 GC heap before
{Heap before GC invocations=41 (full 14):
 PSYoungGen      total 502784K, used 0K [0x00000007d5c00000, 0x00000007f9100000, 0x0000000800000000)
  eden space 502272K, 0% used [0x00000007d5c00000,0x00000007d5c00000,0x00000007f4680000)
  from space 512K, 0% used [0x00000007f9080000,0x00000007f9080000,0x00000007f9100000)
  to   space 24576K, 0% used [0x00000007f6100000,0x00000007f6100000,0x00000007f7900000)
 ParOldGen       total 211456K, used 72919K [0x0000000781400000, 0x000000078e280000, 0x00000007d5c00000)
  object space 211456K, 34% used [0x0000000781400000,0x0000000785b35e98,0x000000078e280000)
 PSPermGen       total 83968K, used 83967K [0x000000077c200000, 0x0000000781400000, 0x0000000781400000)
  object space 83968K, 99% used [0x000000077c200000,0x00000007813ffe00,0x0000000781400000)
Event: 12342.078 GC heap after
Heap after GC invocations=41 (full 14):
 PSYoungGen      total 530432K, used 0K [0x00000007d5c00000, 0x00000007f9100000, 0x0000000800000000)
  eden space 505856K, 0% used [0x00000007d5c00000,0x00000007d5c00000,0x00000007f4a00000)
  from space 24576K, 0% used [0x00000007f6100000,0x00000007f6100000,0x00000007f7900000)
  to   space 24064K, 0% used [0x00000007f7980000,0x00000007f7980000,0x00000007f9100000)
 ParOldGen       total 211456K, used 72919K [0x0000000781400000, 0x000000078e280000, 0x00000007d5c00000)
  object space 211456K, 34% used [0x0000000781400000,0x0000000785b35e98,0x000000078e280000)
 PSPermGen       total 83968K, used 83967K [0x000000077c200000, 0x0000000781400000, 0x0000000781400000)
  object space 83968K, 99% used [0x000000077c200000,0x00000007813ffe00,0x0000000781400000)
}
Event: 12342.078 GC heap before
{Heap before GC invocations=42 (full 15):
 PSYoungGen      total 530432K, used 0K [0x00000007d5c00000, 0x00000007f9100000, 0x0000000800000000)
  eden space 505856K, 0% used [0x00000007d5c00000,0x00000007d5c00000,0x00000007f4a00000)
  from space 24576K, 0% used [0x00000007f6100000,0x00000007f6100000,0x00000007f7900000)
  to   space 24064K, 0% used [0x00000007f7980000,0x00000007f7980000,0x00000007f9100000)
 ParOldGen       total 211456K, used 72919K [0x0000000781400000, 0x000000078e280000, 0x00000007d5c00000)
  object space 211456K, 34% used [0x0000000781400000,0x0000000785b35e98,0x000000078e280000)
 PSPermGen       total 83968K, used 83967K [0x000000077c200000, 0x0000000781400000, 0x0000000781400000)
  object space 83968K, 99% used [0x000000077c200000,0x00000007813ffe00,0x0000000781400000)
Event: 12342.391 GC heap after
Heap after GC invocations=42 (full 15):
 PSYoungGen      total 530432K, used 0K [0x00000007d5c00000, 0x00000007f9100000, 0x0000000800000000)
  eden space 505856K, 0% used [0x00000007d5c00000,0x00000007d5c00000,0x00000007f4a00000)
  from space 24576K, 0% used [0x00000007f6100000,0x00000007f6100000,0x00000007f7900000)
  to   space 24064K, 0% used [0x00000007f7980000,0x00000007f7980000,0x00000007f9100000)
 ParOldGen       total 261632K, used 72916K [0x0000000781400000, 0x0000000791380000, 0x00000007d5c00000)
  object space 261632K, 27% used [0x0000000781400000,0x0000000785b35070,0x0000000791380000)
 PSPermGen       total 83968K, used 83967K [0x000000077c200000, 0x0000000781400000, 0x0000000781400000)
  object space 83968K, 99% used [0x000000077c200000,0x00000007813ffe00,0x0000000781400000)
}

